0 info it worked if it ends with ok
1 verbose cli [ '/usr/bin/nodejs', '/usr/bin/npm', 'install', 'composer.phar' ]
2 info using npm@3.5.2
3 info using node@v4.2.6
4 silly loadCurrentTree Starting
5 silly install loadCurrentTree
6 silly install readLocalPackageData
7 silly fetchPackageMetaData composer.phar
8 silly fetchOtherPackageData composer.phar
9 silly cache add args [ 'composer.phar', null ]
10 verbose cache add spec composer.phar
11 silly cache add parsed spec Result {
11 silly cache add   raw: 'composer.phar',
11 silly cache add   scope: null,
11 silly cache add   name: null,
11 silly cache add   rawSpec: 'composer.phar',
11 silly cache add   spec: '/home/oscar/git-utils/composer.phar',
11 silly cache add   type: 'local' }
12 silly addLocalTarball shasum (computed) d117f74e3acf022a102ac66c620e2bee6b712c58
13 verbose addTmpTarball /home/oscar/git-utils/composer.phar not in flight; adding
14 verbose addTmpTarball validating metadata from /home/oscar/git-utils/composer.phar
15 verbose tar unpack /home/oscar/git-utils/composer.phar
16 verbose tar unpacking to /tmp/npm-3763-01eb9f76/unpack-11349ecf
17 silly gentlyRm /tmp/npm-3763-01eb9f76/unpack-11349ecf is being purged
18 verbose gentlyRm don't care about contents; nuking /tmp/npm-3763-01eb9f76/unpack-11349ecf
19 silly gunzTarPerm modes [ '775', '664' ]
20 error not a package /home/oscar/git-utils/composer.phar
21 error addLocal Could not install /home/oscar/git-utils/composer.phar
22 silly fetchPackageMetaData Error: ENOENT: no such file or directory, open '/tmp/npm-3763-01eb9f76/unpack-11349ecf/package.json'
22 silly fetchPackageMetaData     at Error (native)
22 silly fetchPackageMetaData  error for composer.phar { [Error: ENOENT: no such file or directory, open '/tmp/npm-3763-01eb9f76/unpack-11349ecf/package.json']
22 silly fetchPackageMetaData   errno: -2,
22 silly fetchPackageMetaData   code: 'ENOENT',
22 silly fetchPackageMetaData   syscall: 'open',
22 silly fetchPackageMetaData   path: '/tmp/npm-3763-01eb9f76/unpack-11349ecf/package.json' }
23 silly rollbackFailedOptional Starting
24 silly rollbackFailedOptional Finishing
25 silly runTopLevelLifecycles Starting
26 silly runTopLevelLifecycles Finishing
27 silly install printInstalled
28 verbose stack Error: ENOENT: no such file or directory, open '/tmp/npm-3763-01eb9f76/unpack-11349ecf/package.json'
28 verbose stack     at Error (native)
29 verbose cwd /home/oscar/git-utils
30 error Linux 4.8.0-41-generic
31 error argv "/usr/bin/nodejs" "/usr/bin/npm" "install" "composer.phar"
32 error node v4.2.6
33 error npm  v3.5.2
34 error path /tmp/npm-3763-01eb9f76/unpack-11349ecf/package.json
35 error code ENOENT
36 error errno -2
37 error syscall open
38 error enoent ENOENT: no such file or directory, open '/tmp/npm-3763-01eb9f76/unpack-11349ecf/package.json'
39 error enoent ENOENT: no such file or directory, open '/tmp/npm-3763-01eb9f76/unpack-11349ecf/package.json'
39 error enoent This is most likely not a problem with npm itself
39 error enoent and is related to npm not being able to find a file.
40 verbose exit [ -2, true ]
